%このファイルは日本語文字を含みます.
\BOOKMARK [0][]{chapter.1}{第1章 はじめに}{}% 1
\BOOKMARK [0][]{chapter.2}{第2章 各地点}{}% 2
\BOOKMARK [1][]{section.2.1}{2.1 地点1}{chapter.2}% 3
\BOOKMARK [1][]{section.2.2}{2.2 地点2}{chapter.2}% 4
\BOOKMARK [1][]{section.2.3}{2.3 地点3}{chapter.2}% 5
\BOOKMARK [1][]{section.2.4}{2.4 地点4}{chapter.2}% 6
\BOOKMARK [1][]{section.2.5}{2.5 地点5}{chapter.2}% 7
\BOOKMARK [1][]{section.2.6}{2.6 地点6}{chapter.2}% 8
\BOOKMARK [1][]{section.2.7}{2.7 地点7}{chapter.2}% 9
\BOOKMARK [1][]{section.2.8}{2.8 地点8}{chapter.2}% 10
\BOOKMARK [1][]{section.2.9}{2.9 地点9}{chapter.2}% 11
\BOOKMARK [1][]{section.2.10}{2.10 地点10}{chapter.2}% 12
\BOOKMARK [1][]{section.2.11}{2.11 地点11}{chapter.2}% 13
\BOOKMARK [1][]{section.2.12}{2.12 地点12}{chapter.2}% 14
\BOOKMARK [1][]{section.2.13}{2.13 地点13}{chapter.2}% 15
\BOOKMARK [1][]{section.2.14}{2.14 地点14}{chapter.2}% 16
\BOOKMARK [1][]{section.2.15}{2.15 地点15}{chapter.2}% 17
\BOOKMARK [1][]{section.2.16}{2.16 地点16}{chapter.2}% 18
\BOOKMARK [1][]{section.2.17}{2.17 地点17}{chapter.2}% 19
\BOOKMARK [1][]{section.2.18}{2.18 地点18}{chapter.2}% 20
\BOOKMARK [1][]{section.2.19}{2.19 地点19}{chapter.2}% 21
\BOOKMARK [0][]{chapter*.45}{参考文献}{}% 22
\BOOKMARK [0][]{chapter*.46}{謝辞}{}% 23
